This is pdfTeX, Version 3.14159265-2.6-1.40.21 (MiKTeX 20.12) (preloaded format=pdflatex 2021.1.9)  6 SEP 2021 23:08
entering extended mode
**c:/Users/Burto/repos/aas21581.tex/aas21581.tex
(c:/Users/Burto/repos/aas21581.tex/aas21581.tex
LaTeX2e <2020-10-01> patch level 3
L3 programming layer <2020-12-07> xparse <2020-03-03> (c:/Users\Burto\repos\aas21581.tex\AAS.cls
Document Class: AAS 2010/03/01 v2.0.5 Standard LaTeX document class
NOTE: Passing ``letterpaper" option on to the standard LaTeX article class
NOTE: Passing ``11pt" option on to the standard LaTeX article class

TYPESETTING in AAS conference PAPER format ...

("C:\Program Files\MiKTeX\tex/latex/graphics\graphicx.sty"
Package: graphicx 2020/09/09 v1.2b Enhanced LaTeX Graphics (DPC,SPQR)
 ("C:\Program Files\MiKTeX\tex/latex/graphics\keyval.sty"
Package: keyval 2014/10/28 v1.15 key=value parser (DPC)
\KV@toks@=\toks15
) ("C:\Program Files\MiKTeX\tex/latex/graphics\graphics.sty"
Package: graphics 2020/08/30 v1.4c Standard LaTeX Graphics (DPC,SPQR)
 ("C:\Program Files\MiKTeX\tex/latex/graphics\trig.sty"
Package: trig 2016/01/03 v1.10 sin cos tan (DPC)
) ("C:\Program Files\MiKTeX\tex/latex/graphics-cfg\graphics.cfg"
File: graphics.cfg 2016/06/04 v1.11 sample graphics configuration
)
Package graphics Info: Driver file: pdftex.def on input line 105.
 ("C:\Program Files\MiKTeX\tex/latex/graphics-def\pdftex.def"
File: pdftex.def 2020/10/05 v1.2a Graphics/color driver for pdftex
))
\Gin@req@height=\dimen138
\Gin@req@width=\dimen139
) (C:\Users\Burto\AppData\Roaming\MiKTeX\tex/latex/setspace\setspace.sty
Package: setspace 2011/12/19 v6.7a set line spacing
) (C:\Users\Burto\AppData\Roaming\MiKTeX\tex/latex/fancyhdr\fancyhdr.sty
Package: fancyhdr 2021/01/04 v4.0 Extensive control of page headers and footers
\f@nch@headwidth=\skip47
\f@nch@O@elh=\skip48
\f@nch@O@erh=\skip49
\f@nch@O@olh=\skip50
\f@nch@O@orh=\skip51
\f@nch@O@elf=\skip52
\f@nch@O@erf=\skip53
\f@nch@O@olf=\skip54
\f@nch@O@orf=\skip55
) (C:\Users\Burto\AppData\Roaming\MiKTeX\tex/latex/tabls\tabls.sty
\tablinesep=\dimen140
\arraylinesep=\dimen141
\extrarulesep=\dimen142
\@arstdepth=\dimen143
\@arstheight=\dimen144
\@skip@bove=\dimen145
) ("C:\Program Files\MiKTeX\tex/latex/latex-tools\indentfirst.sty"
Package: indentfirst 1995/11/23 v1.03 Indent first paragraph (DPC)
) (C:\Users\Burto\AppData\Roaming\MiKTeX\tex/latex/psnfss\times.sty
Package: times 2020/03/25 PSNFSS-v9.3 (SPQR) 
) ("C:\Program Files\MiKTeX\tex/latex/graphics\color.sty"
Package: color 2020/02/24 v1.2b Standard LaTeX Color (DPC)
 ("C:\Program Files\MiKTeX\tex/latex/graphics-cfg\color.cfg"
File: color.cfg 2016/01/02 v1.6 sample color configuration
)
Package color Info: Driver file: pdftex.def on input line 147.
) ("C:\Program Files\MiKTeX\tex/latex/base\size11.clo"
File: size11.clo 2020/04/10 v1.4m Standard LaTeX file (size option)
)
\c@part=\count177
\c@section=\count178
\c@subsection=\count179
\c@subsubsection=\count180
\c@paragraph=\count181
\c@subparagraph=\count182
\c@figure=\count183
\c@table=\count184
\abovecaptionskip=\skip56
\belowcaptionskip=\skip57
\bibindent=\dimen146
) ("C:\Program Files\MiKTeX\tex/latex/latex-tools\bm.sty"
Package: bm 2019/07/24 v1.2d Bold Symbol Support (DPC/FMi)
\symboldoperators=\mathgroup4
\symboldletters=\mathgroup5
\symboldsymbols=\mathgroup6
LaTeX Font Info:    Redeclaring math alphabet \mathbf on input line 141.
LaTeX Info: Redefining \bm on input line 209.
) ("C:\Program Files\MiKTeX\tex/latex/amsmath\amsmath.sty"
Package: amsmath 2020/09/23 v2.17i AMS math features
\@mathmargin=\skip58

For additional information on amsmath, use the `?' option.
("C:\Program Files\MiKTeX\tex/latex/amsmath\amstext.sty"
Package: amstext 2000/06/29 v2.01 AMS text
 ("C:\Program Files\MiKTeX\tex/latex/amsmath\amsgen.sty"
File: amsgen.sty 1999/11/30 v2.0 generic functions
\@emptytoks=\toks16
\ex@=\dimen147
)) ("C:\Program Files\MiKTeX\tex/latex/amsmath\amsbsy.sty"
Package: amsbsy 1999/11/29 v1.2d Bold Symbols
LaTeX Info: Redefining \boldsymbol on input line 28.
\pmbraise@=\dimen148
) ("C:\Program Files\MiKTeX\tex/latex/amsmath\amsopn.sty"
Package: amsopn 2016/03/08 v2.02 operator names
)
\inf@bad=\count185
LaTeX Info: Redefining \frac on input line 234.
\uproot@=\count186
\leftroot@=\count187
LaTeX Info: Redefining \overline on input line 399.
\classnum@=\count188
\DOTSCASE@=\count189
LaTeX Info: Redefining \ldots on input line 496.
LaTeX Info: Redefining \dots on input line 499.
LaTeX Info: Redefining \cdots on input line 620.
\Mathstrutbox@=\box47
\strutbox@=\box48
\big@size=\dimen149
LaTeX Font Info:    Redeclaring font encoding OML on input line 743.
LaTeX Font Info:    Redeclaring font encoding OMS on input line 744.
\macc@depth=\count190
\c@MaxMatrixCols=\count191
\dotsspace@=\muskip16
\c@parentequation=\count192
\dspbrk@lvl=\count193
\tag@help=\toks17
\row@=\count194
\column@=\count195
\maxfields@=\count196
\andhelp@=\toks18
\eqnshift@=\dimen150
\alignsep@=\dimen151
\tagshift@=\dimen152
\tagwidth@=\dimen153
\totwidth@=\dimen154
\lineht@=\dimen155
\@envbody=\toks19
\multlinegap=\skip59
\multlinetaggap=\skip60
\mathdisplay@stack=\toks20
LaTeX Info: Redefining \[ on input line 2923.
LaTeX Info: Redefining \] on input line 2924.
) (C:\Users\Burto\AppData\Roaming\MiKTeX\tex/latex/subfigure\subfigure.sty
Package: subfigure 2002/07/30 v2.1.4 subfigure package
\subfigtopskip=\skip61
\subfigcapskip=\skip62
\subfigcaptopadj=\dimen156
\subfigbottomskip=\skip63
\subfigcapmargin=\dimen157
\subfiglabelskip=\skip64
\c@subfigure=\count197
\c@lofdepth=\count198
\c@subtable=\count199
\c@lotdepth=\count266

****************************************
* Local config file subfigure.cfg used *
****************************************
(C:\Users\Burto\AppData\Roaming\MiKTeX\tex/latex/subfigure\subfigure.cfg)
\subfig@top=\skip65
\subfig@bottom=\skip66
) ("C:\Program Files\MiKTeX\tex/latex/hyperref\hyperref.sty"
Package: hyperref 2020-05-15 v7.00e Hypertext links for LaTeX
 (C:\Users\Burto\AppData\Roaming\MiKTeX\tex/generic/ltxcmds\ltxcmds.sty
Package: ltxcmds 2020-05-10 v1.25 LaTeX kernel commands for general use (HO)
) ("C:\Program Files\MiKTeX\tex/generic/iftex\iftex.sty"
Package: iftex 2020/03/06 v1.0d TeX engine tests
) ("C:\Program Files\MiKTeX\tex/generic/pdftexcmds\pdftexcmds.sty"
Package: pdftexcmds 2020-06-27 v0.33 Utility functions of pdfTeX for LuaTeX (HO)
 (C:\Users\Burto\AppData\Roaming\MiKTeX\tex/generic/infwarerr\infwarerr.sty
Package: infwarerr 2019/12/03 v1.5 Providing info/warning/error messages (HO)
)
Package pdftexcmds Info: \pdf@primitive is available.
Package pdftexcmds Info: \pdf@ifprimitive is available.
Package pdftexcmds Info: \pdfdraftmode found.
) (C:\Users\Burto\AppData\Roaming\MiKTeX\tex/generic/kvsetkeys\kvsetkeys.sty
Package: kvsetkeys 2019/12/15 v1.18 Key value parser (HO)
) (C:\Users\Burto\AppData\Roaming\MiKTeX\tex/generic/kvdefinekeys\kvdefinekeys.sty
Package: kvdefinekeys 2019-12-19 v1.6 Define keys (HO)
) (C:\Users\Burto\AppData\Roaming\MiKTeX\tex/generic/pdfescape\pdfescape.sty
Package: pdfescape 2019/12/09 v1.15 Implements pdfTeX's escape features (HO)
) (C:\Users\Burto\AppData\Roaming\MiKTeX\tex/latex/hycolor\hycolor.sty
Package: hycolor 2020-01-27 v1.10 Color options for hyperref/bookmark (HO)
) (C:\Users\Burto\AppData\Roaming\MiKTeX\tex/latex/letltxmacro\letltxmacro.sty
Package: letltxmacro 2019/12/03 v1.6 Let assignment for LaTeX macros (HO)
) (C:\Users\Burto\AppData\Roaming\MiKTeX\tex/latex/auxhook\auxhook.sty
Package: auxhook 2019-12-17 v1.6 Hooks for auxiliary files (HO)
) (C:\Users\Burto\AppData\Roaming\MiKTeX\tex/latex/kvoptions\kvoptions.sty
Package: kvoptions 2020-10-07 v3.14 Key value format for package options (HO)
)
\@linkdim=\dimen158
\Hy@linkcounter=\count267
\Hy@pagecounter=\count268
 ("C:\Program Files\MiKTeX\tex/latex/hyperref\pd1enc.def"
File: pd1enc.def 2020-05-15 v7.00e Hyperref: PDFDocEncoding definition (HO)
Now handling font encoding PD1 ...
... no UTF-8 mapping file for font encoding PD1
) (C:\Users\Burto\AppData\Roaming\MiKTeX\tex/generic/intcalc\intcalc.sty
Package: intcalc 2019/12/15 v1.3 Expandable calculations with integers (HO)
) (C:\Users\Burto\AppData\Roaming\MiKTeX\tex/generic/etexcmds\etexcmds.sty
Package: etexcmds 2019/12/15 v1.7 Avoid name clashes with e-TeX commands (HO)
)
\Hy@SavedSpaceFactor=\count269
Package hyperref Info: Option `colorlinks' set `true' on input line 4338.
Package hyperref Info: Hyper figures OFF on input line 4464.
Package hyperref Info: Link nesting OFF on input line 4469.
Package hyperref Info: Hyper index ON on input line 4472.
Package hyperref Info: Plain pages OFF on input line 4479.
Package hyperref Info: Backreferencing OFF on input line 4484.
Package hyperref Info: Implicit mode ON; LaTeX internals redefined.
Package hyperref Info: Bookmarks ON on input line 4717.
\c@Hy@tempcnt=\count270
 ("C:\Program Files\MiKTeX\tex/latex/url\url.sty"
\Urlmuskip=\muskip17
Package: url 2013/09/16  ver 3.4  Verb mode for urls, etc.
)
LaTeX Info: Redefining \url on input line 5076.
\XeTeXLinkMargin=\dimen159
 (C:\Users\Burto\AppData\Roaming\MiKTeX\tex/generic/bitset\bitset.sty
Package: bitset 2019/12/09 v1.3 Handle bit-vector datatype (HO)
 (C:\Users\Burto\AppData\Roaming\MiKTeX\tex/generic/bigintcalc\bigintcalc.sty
Package: bigintcalc 2019/12/15 v1.5 Expandable calculations on big integers (HO)
))
\Fld@menulength=\count271
\Field@Width=\dimen160
\Fld@charsize=\dimen161
Package hyperref Info: Hyper figures OFF on input line 6347.
Package hyperref Info: Link nesting OFF on input line 6352.
Package hyperref Info: Hyper index ON on input line 6355.
Package hyperref Info: backreferencing OFF on input line 6362.
Package hyperref Info: Link coloring ON on input line 6365.
Package hyperref Info: Link coloring with OCG OFF on input line 6372.
Package hyperref Info: PDF/A mode OFF on input line 6377.
LaTeX Info: Redefining \ref on input line 6417.
LaTeX Info: Redefining \pageref on input line 6421.
 ("C:\Program Files\MiKTeX\tex/latex/base\atbegshi-ltx.sty"
Package: atbegshi-ltx 2020/08/17 v1.0a Emulation of the original atbegshi package
with kernel methods
)
\Hy@abspage=\count272
\c@Item=\count273
\c@Hfootnote=\count274
)
Package hyperref Info: Driver (autodetected): hpdftex.
 ("C:\Program Files\MiKTeX\tex/latex/hyperref\hpdftex.def"
File: hpdftex.def 2020-05-15 v7.00e Hyperref driver for pdfTeX
 ("C:\Program Files\MiKTeX\tex/latex/base\atveryend-ltx.sty"
Package: atveryend-ltx 2020/08/19 v1.0a Emulation of the original atvery package
with kernel methods
)
\Fld@listcount=\count275
\c@bookmark@seq@number=\count276
 (C:\Users\Burto\AppData\Roaming\MiKTeX\tex/latex/rerunfilecheck\rerunfilecheck.sty
Package: rerunfilecheck 2019/12/05 v1.9 Rerun checks for auxiliary files (HO)
 (C:\Users\Burto\AppData\Roaming\MiKTeX\tex/generic/uniquecounter\uniquecounter.sty
Package: uniquecounter 2019/12/15 v1.4 Provide unlimited unique counter (HO)
)
Package uniquecounter Info: New unique counter `rerunfilecheck' on input line 286.
)
\Hy@SectionHShift=\skip67
) (C:\Users\Burto\AppData\Roaming\MiKTeX\tex/latex/cite\overcite.sty
Package: overcite 2003/05/27  v 4.0
) (C:\Users\Burto\AppData\Roaming\MiKTeX\tex/latex/cite\cite.sty
LaTeX Info: Redefining \cite on input line 302.
LaTeX Info: Redefining \nocite on input line 332.
Package: cite 2015/02/27  v 5.5
LaTeX Info: Redefining \cite on input line 441.
) (C:\Users\Burto\AppData\Roaming\MiKTeX\tex/latex/footnpag\footnpag.sty
Package: footnpag 1995/11/10 v2.6 numbering footnotes per page
\old_foot_file=\read2
\foot_file=\write3
\foot_name_no=\count277
) ("C:\Program Files\MiKTeX\tex/latex/xcolor\xcolor.sty"
Package: xcolor 2016/05/11 v2.12 LaTeX color extensions (UK)
 ("C:\Program Files\MiKTeX\tex/latex/graphics-cfg\color.cfg"
File: color.cfg 2016/01/02 v1.6 sample color configuration
)
Package xcolor Info: Driver file: pdftex.def on input line 225.
 (C:\Users\Burto\AppData\Roaming\MiKTeX\tex/latex/colortbl\colortbl.sty
Package: colortbl 2020/01/04 v1.0e Color table columns (DPC)
 ("C:\Program Files\MiKTeX\tex/latex/latex-tools\array.sty"
Package: array 2020/10/01 v2.5c Tabular extension package (FMi)
\col@sep=\dimen162
\ar@mcellbox=\box49
\extrarowheight=\dimen163
\NC@list=\toks21
\extratabsurround=\skip68
\backup@length=\skip69


LaTeX Warning: Command \@xhline  has changed.
               Check if current package is valid.

\ar@cellbox=\box50
)
\everycr=\toks22
\minrowclearance=\skip70
)
LaTeX Info: Redefining \color on input line 709.
\rownum=\count278
Package xcolor Info: Model `cmy' substituted by `cmy0' on input line 1348.
Package xcolor Info: Model `hsb' substituted by `rgb' on input line 1352.
Package xcolor Info: Model `RGB' extended on input line 1364.
Package xcolor Info: Model `HTML' substituted by `rgb' on input line 1366.
Package xcolor Info: Model `Hsb' substituted by `hsb' on input line 1367.
Package xcolor Info: Model `tHsb' substituted by `hsb' on input line 1368.
Package xcolor Info: Model `HSB' substituted by `hsb' on input line 1369.
Package xcolor Info: Model `Gray' substituted by `gray' on input line 1370.
Package xcolor Info: Model `wave' substituted by `hsb' on input line 1371.
 ("C:\Program Files\MiKTeX\tex/latex/xcolor\x11nam.def"
File: x11nam.def 2016/05/11 v2.12 Predefined colors according to Unix/X11 (UK)
)) ("C:\Program Files\MiKTeX\tex/latex/l3packages/xfrac\xfrac.sty" ("C:\Program Files\MiKTeX\tex/latex/l3kernel\expl3.sty"
Package: expl3 2020-12-07 L3 programming layer (loader) 
 ("C:\Program Files\MiKTeX\tex/latex/l3backend\l3backend-pdftex.def"
File: l3backend-pdftex.def 2020-09-24 L3 backend support: PDF output (pdfTeX)
\l__kernel_color_stack_int=\count279
\l__pdf_internal_box=\box51
)) ("C:\Program Files\MiKTeX\tex/latex/l3packages/l3keys2e\l3keys2e.sty"
Package: l3keys2e 2020-10-27 LaTeX2e option processing using LaTeX3 keys
) ("C:\Program Files\MiKTeX\tex/latex/base\textcomp.sty"
Package: textcomp 2020/02/02 v2.0n Standard LaTeX package
) ("C:\Program Files\MiKTeX\tex/latex/l3packages/xparse\xparse.sty"
Package: xparse 2020-10-27 L3 Experimental document command parser
 ("C:\Program Files\MiKTeX\tex/latex/l3packages/xparse\xparse-generic.tex")) ("C:\Program Files\MiKTeX\tex/latex/l3packages/xtemplate\xtemplate.sty"
Package: xtemplate 2020-10-27 L3 Experimental prototype document functions
\l__xtemplate_tmp_dim=\dimen164
\l__xtemplate_tmp_int=\count280
\l__xtemplate_tmp_muskip=\muskip18
\l__xtemplate_tmp_skip=\skip71
)
Package: xfrac 2020-10-27 L3 Experimental split-level fractions
\l__xfrac_slash_box=\box52
\l__xfrac_tmp_box=\box53
\l__xfrac_denominator_bot_sep_dim=\dimen165
\l__xfrac_numerator_bot_sep_dim=\dimen166
\l__xfrac_numerator_top_sep_dim=\dimen167
\l__xfrac_slash_left_sep_dim=\dimen168
\l__xfrac_slash_right_sep_dim=\dimen169
\l__xfrac_slash_left_muskip=\muskip19
\l__xfrac_slash_right_muskip=\muskip20

Package xtemplate Info: Declaring object type 'xfrac' taking 3 argument(s) on
(xtemplate)             line 80.

) (C:\Users\Burto\AppData\Roaming\MiKTeX\tex/latex/booktabs\booktabs.sty
Package: booktabs 2020/01/12 v1.61803398 Publication quality tables
\heavyrulewidth=\dimen170
\lightrulewidth=\dimen171
\cmidrulewidth=\dimen172
\belowrulesep=\dimen173
\belowbottomsep=\dimen174
\aboverulesep=\dimen175
\abovetopsep=\dimen176
\cmidrulesep=\dimen177
\cmidrulekern=\dimen178
\defaultaddspace=\dimen179
\@cmidla=\count281
\@cmidlb=\count282
\@aboverulesep=\dimen180
\@belowrulesep=\dimen181
\@thisruleclass=\count283
\@lastruleclass=\count284
\@thisrulewidth=\dimen182
) (C:\Users\Burto\AppData\Roaming\MiKTeX\tex/latex/multirow\multirow.sty
Package: multirow 2021/01/02 v2.6 Span multiple rows of a table
\multirow@colwidth=\skip72
\multirow@cntb=\count285
\multirow@dima=\skip73
\bigstrutjot=\dimen183
) ("C:\Program Files\MiKTeX\tex/latex/pgf/frontendlayer\tikz.sty" ("C:\Program Files\MiKTeX\tex/latex/pgf/basiclayer\pgf.sty" ("C:\Program Files\MiKTeX\tex/latex/pgf/utilities\pgfrcs.sty" ("C:\Program Files\MiKTeX\tex/generic/pgf/utilities\pgfutil-common.tex"
\pgfutil@everybye=\toks23
\pgfutil@tempdima=\dimen184
\pgfutil@tempdimb=\dimen185
 ("C:\Program Files\MiKTeX\tex/generic/pgf/utilities\pgfutil-common-lists.tex")) ("C:\Program Files\MiKTeX\tex/generic/pgf/utilities\pgfutil-latex.def"
\pgfutil@abb=\box54
) ("C:\Program Files\MiKTeX\tex/generic/pgf/utilities\pgfrcs.code.tex" ("C:\Program Files\MiKTeX\tex/generic/pgf\pgf.revision.tex")
Package: pgfrcs 2020/12/27 v3.1.8b (3.1.8b)
))
Package: pgf 2020/12/27 v3.1.8b (3.1.8b)
 ("C:\Program Files\MiKTeX\tex/latex/pgf/basiclayer\pgfcore.sty" ("C:\Program Files\MiKTeX\tex/latex/pgf/systemlayer\pgfsys.sty" ("C:\Program Files\MiKTeX\tex/generic/pgf/systemlayer\pgfsys.code.tex"
Package: pgfsys 2020/12/27 v3.1.8b (3.1.8b)
 ("C:\Program Files\MiKTeX\tex/generic/pgf/utilities\pgfkeys.code.tex"
\pgfkeys@pathtoks=\toks24
\pgfkeys@temptoks=\toks25
 ("C:\Program Files\MiKTeX\tex/generic/pgf/utilities\pgfkeysfiltered.code.tex"
\pgfkeys@tmptoks=\toks26
))
\pgf@x=\dimen186
\pgf@y=\dimen187
\pgf@xa=\dimen188
\pgf@ya=\dimen189
\pgf@xb=\dimen190
\pgf@yb=\dimen191
\pgf@xc=\dimen192
\pgf@yc=\dimen193
\pgf@xd=\dimen194
\pgf@yd=\dimen195
\w@pgf@writea=\write4
\r@pgf@reada=\read3
\c@pgf@counta=\count286
\c@pgf@countb=\count287
\c@pgf@countc=\count288
\c@pgf@countd=\count289
\t@pgf@toka=\toks27
\t@pgf@tokb=\toks28
\t@pgf@tokc=\toks29
\pgf@sys@id@count=\count290
 ("C:\Program Files\MiKTeX\tex/generic/pgf/systemlayer\pgf.cfg"
File: pgf.cfg 2020/12/27 v3.1.8b (3.1.8b)
)
Driver file for pgf: pgfsys-pdftex.def
 ("C:\Program Files\MiKTeX\tex/generic/pgf/systemlayer\pgfsys-pdftex.def"
File: pgfsys-pdftex.def 2020/12/27 v3.1.8b (3.1.8b)
 ("C:\Program Files\MiKTeX\tex/generic/pgf/systemlayer\pgfsys-common-pdf.def"
File: pgfsys-common-pdf.def 2020/12/27 v3.1.8b (3.1.8b)
))) ("C:\Program Files\MiKTeX\tex/generic/pgf/systemlayer\pgfsyssoftpath.code.tex"
File: pgfsyssoftpath.code.tex 2020/12/27 v3.1.8b (3.1.8b)
\pgfsyssoftpath@smallbuffer@items=\count291
\pgfsyssoftpath@bigbuffer@items=\count292
) ("C:\Program Files\MiKTeX\tex/generic/pgf/systemlayer\pgfsysprotocol.code.tex"
File: pgfsysprotocol.code.tex 2020/12/27 v3.1.8b (3.1.8b)
)) ("C:\Program Files\MiKTeX\tex/generic/pgf/basiclayer\pgfcore.code.tex"
Package: pgfcore 2020/12/27 v3.1.8b (3.1.8b)
 ("C:\Program Files\MiKTeX\tex/generic/pgf/math\pgfmath.code.tex" ("C:\Program Files\MiKTeX\tex/generic/pgf/math\pgfmathcalc.code.tex" ("C:\Program Files\MiKTeX\tex/generic/pgf/math\pgfmathutil.code.tex") ("C:\Program Files\MiKTeX\tex/generic/pgf/math\pgfmathparser.code.tex"
\pgfmath@dimen=\dimen196
\pgfmath@count=\count293
\pgfmath@box=\box55
\pgfmath@toks=\toks30
\pgfmath@stack@operand=\toks31
\pgfmath@stack@operation=\toks32
) ("C:\Program Files\MiKTeX\tex/generic/pgf/math\pgfmathfunctions.code.tex" ("C:\Program Files\MiKTeX\tex/generic/pgf/math\pgfmathfunctions.basic.code.tex") ("C:\Program Files\MiKTeX\tex/generic/pgf/math\pgfmathfunctions.trigonometric.code.tex") ("C:\Program Files\MiKTeX\tex/generic/pgf/math\pgfmathfunctions.random.code.tex") ("C:\Program Files\MiKTeX\tex/generic/pgf/math\pgfmathfunctions.comparison.code.tex") ("C:\Program Files\MiKTeX\tex/generic/pgf/math\pgfmathfunctions.base.code.tex") ("C:\Program Files\MiKTeX\tex/generic/pgf/math\pgfmathfunctions.round.code.tex") ("C:\Program Files\MiKTeX\tex/generic/pgf/math\pgfmathfunctions.misc.code.tex") ("C:\Program Files\MiKTeX\tex/generic/pgf/math\pgfmathfunctions.integerarithmetics.code.tex"))) ("C:\Program Files\MiKTeX\tex/generic/pgf/math\pgfmathfloat.code.tex"
\c@pgfmathroundto@lastzeros=\count294
)) ("C:\Program Files\MiKTeX\tex/generic/pgf/math\pgfint.code.tex") ("C:\Program Files\MiKTeX\tex/generic/pgf/basiclayer\pgfcorepoints.code.tex"
File: pgfcorepoints.code.tex 2020/12/27 v3.1.8b (3.1.8b)
\pgf@picminx=\dimen197
\pgf@picmaxx=\dimen198
\pgf@picminy=\dimen199
\pgf@picmaxy=\dimen256
\pgf@pathminx=\dimen257
\pgf@pathmaxx=\dimen258
\pgf@pathminy=\dimen259
\pgf@pathmaxy=\dimen260
\pgf@xx=\dimen261
\pgf@xy=\dimen262
\pgf@yx=\dimen263
\pgf@yy=\dimen264
\pgf@zx=\dimen265
\pgf@zy=\dimen266
) ("C:\Program Files\MiKTeX\tex/generic/pgf/basiclayer\pgfcorepathconstruct.code.tex"
File: pgfcorepathconstruct.code.tex 2020/12/27 v3.1.8b (3.1.8b)
\pgf@path@lastx=\dimen267
\pgf@path@lasty=\dimen268
) ("C:\Program Files\MiKTeX\tex/generic/pgf/basiclayer\pgfcorepathusage.code.tex"
File: pgfcorepathusage.code.tex 2020/12/27 v3.1.8b (3.1.8b)
\pgf@shorten@end@additional=\dimen269
\pgf@shorten@start@additional=\dimen270
) ("C:\Program Files\MiKTeX\tex/generic/pgf/basiclayer\pgfcorescopes.code.tex"
File: pgfcorescopes.code.tex 2020/12/27 v3.1.8b (3.1.8b)
\pgfpic=\box56
\pgf@hbox=\box57
\pgf@layerbox@main=\box58
\pgf@picture@serial@count=\count295
) ("C:\Program Files\MiKTeX\tex/generic/pgf/basiclayer\pgfcoregraphicstate.code.tex"
File: pgfcoregraphicstate.code.tex 2020/12/27 v3.1.8b (3.1.8b)
\pgflinewidth=\dimen271
) ("C:\Program Files\MiKTeX\tex/generic/pgf/basiclayer\pgfcoretransformations.code.tex"
File: pgfcoretransformations.code.tex 2020/12/27 v3.1.8b (3.1.8b)
\pgf@pt@x=\dimen272
\pgf@pt@y=\dimen273
\pgf@pt@temp=\dimen274
) ("C:\Program Files\MiKTeX\tex/generic/pgf/basiclayer\pgfcorequick.code.tex"
File: pgfcorequick.code.tex 2020/12/27 v3.1.8b (3.1.8b)
) ("C:\Program Files\MiKTeX\tex/generic/pgf/basiclayer\pgfcoreobjects.code.tex"
File: pgfcoreobjects.code.tex 2020/12/27 v3.1.8b (3.1.8b)
) ("C:\Program Files\MiKTeX\tex/generic/pgf/basiclayer\pgfcorepathprocessing.code.tex"
File: pgfcorepathprocessing.code.tex 2020/12/27 v3.1.8b (3.1.8b)
) ("C:\Program Files\MiKTeX\tex/generic/pgf/basiclayer\pgfcorearrows.code.tex"
File: pgfcorearrows.code.tex 2020/12/27 v3.1.8b (3.1.8b)
\pgfarrowsep=\dimen275
) ("C:\Program Files\MiKTeX\tex/generic/pgf/basiclayer\pgfcoreshade.code.tex"
File: pgfcoreshade.code.tex 2020/12/27 v3.1.8b (3.1.8b)
\pgf@max=\dimen276
\pgf@sys@shading@range@num=\count296
\pgf@shadingcount=\count297
) ("C:\Program Files\MiKTeX\tex/generic/pgf/basiclayer\pgfcoreimage.code.tex"
File: pgfcoreimage.code.tex 2020/12/27 v3.1.8b (3.1.8b)
 ("C:\Program Files\MiKTeX\tex/generic/pgf/basiclayer\pgfcoreexternal.code.tex"
File: pgfcoreexternal.code.tex 2020/12/27 v3.1.8b (3.1.8b)
\pgfexternal@startupbox=\box59
)) ("C:\Program Files\MiKTeX\tex/generic/pgf/basiclayer\pgfcorelayers.code.tex"
File: pgfcorelayers.code.tex 2020/12/27 v3.1.8b (3.1.8b)
) ("C:\Program Files\MiKTeX\tex/generic/pgf/basiclayer\pgfcoretransparency.code.tex"
File: pgfcoretransparency.code.tex 2020/12/27 v3.1.8b (3.1.8b)
) ("C:\Program Files\MiKTeX\tex/generic/pgf/basiclayer\pgfcorepatterns.code.tex"
File: pgfcorepatterns.code.tex 2020/12/27 v3.1.8b (3.1.8b)
) ("C:\Program Files\MiKTeX\tex/generic/pgf/basiclayer\pgfcorerdf.code.tex"
File: pgfcorerdf.code.tex 2020/12/27 v3.1.8b (3.1.8b)
))) ("C:\Program Files\MiKTeX\tex/generic/pgf/modules\pgfmoduleshapes.code.tex"
File: pgfmoduleshapes.code.tex 2020/12/27 v3.1.8b (3.1.8b)
\pgfnodeparttextbox=\box60
) ("C:\Program Files\MiKTeX\tex/generic/pgf/modules\pgfmoduleplot.code.tex"
File: pgfmoduleplot.code.tex 2020/12/27 v3.1.8b (3.1.8b)
) ("C:\Program Files\MiKTeX\tex/latex/pgf/compatibility\pgfcomp-version-0-65.sty"
Package: pgfcomp-version-0-65 2020/12/27 v3.1.8b (3.1.8b)
\pgf@nodesepstart=\dimen277
\pgf@nodesepend=\dimen278
) ("C:\Program Files\MiKTeX\tex/latex/pgf/compatibility\pgfcomp-version-1-18.sty"
Package: pgfcomp-version-1-18 2020/12/27 v3.1.8b (3.1.8b)
)) ("C:\Program Files\MiKTeX\tex/latex/pgf/utilities\pgffor.sty" ("C:\Program Files\MiKTeX\tex/latex/pgf/utilities\pgfkeys.sty" ("C:\Program Files\MiKTeX\tex/generic/pgf/utilities\pgfkeys.code.tex")) ("C:\Program Files\MiKTeX\tex/latex/pgf/math\pgfmath.sty" ("C:\Program Files\MiKTeX\tex/generic/pgf/math\pgfmath.code.tex")) ("C:\Program Files\MiKTeX\tex/generic/pgf/utilities\pgffor.code.tex"
Package: pgffor 2020/12/27 v3.1.8b (3.1.8b)
 ("C:\Program Files\MiKTeX\tex/generic/pgf/math\pgfmath.code.tex")
\pgffor@iter=\dimen279
\pgffor@skip=\dimen280
\pgffor@stack=\toks33
\pgffor@toks=\toks34
)) ("C:\Program Files\MiKTeX\tex/generic/pgf/frontendlayer/tikz\tikz.code.tex"
Package: tikz 2020/12/27 v3.1.8b (3.1.8b)
 ("C:\Program Files\MiKTeX\tex/generic/pgf/libraries\pgflibraryplothandlers.code.tex"
File: pgflibraryplothandlers.code.tex 2020/12/27 v3.1.8b (3.1.8b)
\pgf@plot@mark@count=\count298
\pgfplotmarksize=\dimen281
)
\tikz@lastx=\dimen282
\tikz@lasty=\dimen283
\tikz@lastxsaved=\dimen284
\tikz@lastysaved=\dimen285
\tikz@lastmovetox=\dimen286
\tikz@lastmovetoy=\dimen287
\tikzleveldistance=\dimen288
\tikzsiblingdistance=\dimen289
\tikz@figbox=\box61
\tikz@figbox@bg=\box62
\tikz@tempbox=\box63
\tikz@tempbox@bg=\box64
\tikztreelevel=\count299
\tikznumberofchildren=\count300
\tikznumberofcurrentchild=\count301
\tikz@fig@count=\count302
 ("C:\Program Files\MiKTeX\tex/generic/pgf/modules\pgfmodulematrix.code.tex"
File: pgfmodulematrix.code.tex 2020/12/27 v3.1.8b (3.1.8b)
\pgfmatrixcurrentrow=\count303
\pgfmatrixcurrentcolumn=\count304
\pgf@matrix@numberofcolumns=\count305
)
\tikz@expandcount=\count306
 ("C:\Program Files\MiKTeX\tex/generic/pgf/frontendlayer/tikz/libraries\tikzlibrarytopaths.code.tex"
File: tikzlibrarytopaths.code.tex 2020/12/27 v3.1.8b (3.1.8b)
))) (C:\Users\Burto\AppData\Roaming\MiKTeX\tex/latex/tikz-3dplot\tikz-3dplot.sty ("C:\Program Files\MiKTeX\tex/latex/base\ifthen.sty"
Package: ifthen 2014/09/29 v1.1c Standard LaTeX ifthen package (DPC)
) ("C:\Program Files\MiKTeX\tex/generic/pgf/frontendlayer/tikz/libraries\tikzlibrarycalc.code.tex"
File: tikzlibrarycalc.code.tex 2020/12/27 v3.1.8b (3.1.8b)
) ("C:\Program Files\MiKTeX\tex/generic/pgf/frontendlayer/tikz/libraries\tikzlibrary3d.code.tex"
File: tikzlibrary3d.code.tex 2020/12/27 v3.1.8b (3.1.8b)
) ("C:\Program Files\MiKTeX\tex/generic/pgf/frontendlayer/tikz/libraries\tikzlibraryarrows.code.tex"
File: tikzlibraryarrows.code.tex 2020/12/27 v3.1.8b (3.1.8b)
 ("C:\Program Files\MiKTeX\tex/generic/pgf/libraries\pgflibraryarrows.code.tex"
File: pgflibraryarrows.code.tex 2020/12/27 v3.1.8b (3.1.8b)
\arrowsize=\dimen290
)))
LaTeX Font Info:    Trying to load font information for OT1+ptm on input line 38.
 (C:\Users\Burto\AppData\Roaming\MiKTeX\tex/latex/psnfss\ot1ptm.fd
File: ot1ptm.fd 2001/06/04 font definitions for OT1/ptm.
)

LaTeX Warning: Unused global option(s):
    [paper].

(c:/Users\Burto\repos\aas21581.tex\aas21581.aux)
\openout1 = `aas21581.aux'.

LaTeX Font Info:    Checking defaults for OML/cmm/m/it on input line 38.
LaTeX Font Info:    ... okay on input line 38.
LaTeX Font Info:    Checking defaults for OMS/cmsy/m/n on input line 38.
LaTeX Font Info:    ... okay on input line 38.
LaTeX Font Info:    Checking defaults for OT1/cmr/m/n on input line 38.
LaTeX Font Info:    ... okay on input line 38.
LaTeX Font Info:    Checking defaults for T1/cmr/m/n on input line 38.
LaTeX Font Info:    ... okay on input line 38.
LaTeX Font Info:    Checking defaults for TS1/cmr/m/n on input line 38.
LaTeX Font Info:    ... okay on input line 38.
LaTeX Font Info:    Checking defaults for OMX/cmex/m/n on input line 38.
LaTeX Font Info:    ... okay on input line 38.
LaTeX Font Info:    Checking defaults for U/cmr/m/n on input line 38.
LaTeX Font Info:    ... okay on input line 38.
LaTeX Font Info:    Checking defaults for PD1/pdf/m/n on input line 38.
LaTeX Font Info:    ... okay on input line 38.
 ("C:\Program Files\MiKTeX\tex/context/base/mkii\supp-pdf.mkii"
[Loading MPS to PDF converter (version 2006.09.02).]
\scratchcounter=\count307
\scratchdimen=\dimen291
\scratchbox=\box65
\nofMPsegments=\count308
\nofMParguments=\count309
\everyMPshowfont=\toks35
\MPscratchCnt=\count310
\MPscratchDim=\dimen292
\MPnumerator=\count311
\makeMPintoPDFobject=\count312
\everyMPtoPDFconversion=\toks36
) ("C:\Program Files\MiKTeX\tex/latex/epstopdf-pkg\epstopdf-base.sty"
Package: epstopdf-base 2020-01-24 v2.11 Base part for package epstopdf
Package epstopdf-base Info: Redefining graphics rule for `.eps' on input line 485.
)
Package hyperref Info: Link coloring ON on input line 38.
 ("C:\Program Files\MiKTeX\tex/latex/hyperref\nameref.sty"
Package: nameref 2019/09/16 v2.46 Cross-referencing by name of section
 (C:\Users\Burto\AppData\Roaming\MiKTeX\tex/latex/refcount\refcount.sty
Package: refcount 2019/12/15 v3.6 Data extraction from label references (HO)
) (C:\Users\Burto\AppData\Roaming\MiKTeX\tex/generic/gettitlestring\gettitlestring.sty
Package: gettitlestring 2019/12/15 v1.6 Cleanup title references (HO)
)
\c@section@level=\count313
)
LaTeX Info: Redefining \ref on input line 38.
LaTeX Info: Redefining \pageref on input line 38.
LaTeX Info: Redefining \nameref on input line 38.
 (c:/Users\Burto\repos\aas21581.tex\aas21581.out) (c:/Users\Burto\repos\aas21581.tex\aas21581.out)
\@outlinefile=\write5
\openout5 = `aas21581.out'.

LaTeX Font Info:    Trying to load font information for OT1+phv on input line 48.
 (C:\Users\Burto\AppData\Roaming\MiKTeX\tex/latex/psnfss\ot1phv.fd
File: ot1phv.fd 2020/03/25 scalable font definitions for OT1/phv.
)
LaTeX Font Info:    Trying to load font information for TS1+ptm on input line 48.
 (C:\Users\Burto\AppData\Roaming\MiKTeX\tex/latex/psnfss\ts1ptm.fd
File: ts1ptm.fd 2001/06/04 font definitions for TS1/ptm.
) [1

{C:/Users/Burto/AppData/Local/MiKTeX/pdftex/config/pdftex.map}]
<./figs/diag_sunearth.png, id=61, 551.05875pt x 377.15906pt>
File: ./figs/diag_sunearth.png Graphic file (type png)
<use ./figs/diag_sunearth.png>
Package pdftex.def Info: ./figs/diag_sunearth.png  used on input line 85.
(pdftex.def)             Requested size: 289.07999pt x 197.86185pt.
 [2 <./figs/diag_sunearth.png>]
<./figs/diag_moon.png, id=81, 647.41875pt x 660.21657pt>
File: ./figs/diag_moon.png Graphic file (type png)
<use ./figs/diag_moon.png>
Package pdftex.def Info: ./figs/diag_moon.png  used on input line 112.
(pdftex.def)             Requested size: 216.81pt x 221.09584pt.
 [3 <./figs/diag_moon.png>]
Overfull \hbox (1.16806pt too wide) in paragraph at lines 147--159
 [][] 
 []

[4]
<./etc/src (3).png, id=108, 714.41907pt x 351.56343pt>
File: ./etc/src (3).png Graphic file (type png)
<use ./etc/src (3).png>
Package pdftex.def Info: ./etc/src (3).png  used on input line 172.
(pdftex.def)             Requested size: 289.07999pt x 142.25365pt.
<./etc/src (1).png, id=110, 895.84688pt x 409.53pt>
File: ./etc/src (1).png Graphic file (type png)
<use ./etc/src (1).png>
Package pdftex.def Info: ./etc/src (1).png  used on input line 184.
(pdftex.def)             Requested size: 303.53377pt x 131.95535pt.
 [5 <./etc/src (1).png> <./etc/src (3).png>]
<./etc/src (2).png, id=123, 919.18407pt x 153.57375pt>
File: ./etc/src (2).png Graphic file (type png)
<use ./etc/src (2).png>
Package pdftex.def Info: ./etc/src (2).png  used on input line 198.
(pdftex.def)             Requested size: 361.34999pt x 60.3739pt.
<./etc/latitudespace.png, id=126, 395.97937pt x 301.8778pt>
File: ./etc/latitudespace.png Graphic file (type png)
<use ./etc/latitudespace.png>
Package pdftex.def Info: ./etc/latitudespace.png  used on input line 209.
(pdftex.def)             Requested size: 289.07999pt x 220.38737pt.
 [6 <./etc/src (2).png> <./etc/latitudespace.png>]
<./etc/optimization.png, id=138, 706.13812pt x 362.10281pt>
File: ./etc/optimization.png Graphic file (type png)
<use ./etc/optimization.png>
Package pdftex.def Info: ./etc/optimization.png  used on input line 223.
(pdftex.def)             Requested size: 433.62pt x 222.35762pt.
 [7 <./etc/optimization.png>]
<./etc/spancompare.png, id=148, 864.22874pt x 683.55376pt>
File: ./etc/spancompare.png Graphic file (type png)
<use ./etc/spancompare.png>
Package pdftex.def Info: ./etc/spancompare.png  used on input line 237.
(pdftex.def)             Requested size: 289.07999pt x 228.63991pt.
 [8 <./etc/spancompare.png>]
<./etc/names.png, id=164, 756.57657pt x 600.74437pt>
File: ./etc/names.png Graphic file (type png)
<use ./etc/names.png>
Package pdftex.def Info: ./etc/names.png  used on input line 250.
(pdftex.def)             Requested size: 198.7425pt x 157.80318pt.
<./etc/names2.png, id=165, 730.98094pt x 581.17125pt>
File: ./etc/names2.png Graphic file (type png)
<use ./etc/names2.png>
Package pdftex.def Info: ./etc/names2.png  used on input line 254.
(pdftex.def)             Requested size: 198.7425pt x 158.0091pt.
 [9 <./etc/names.png> <./etc/names2.png>]
<./figs/mooni_FamilyPlot_oo_vInf0.6_theta0.png, id=183, 647.17786pt x 573.8238pt>
File: ./figs/mooni_FamilyPlot_oo_vInf0.6_theta0.png Graphic file (type png)
<use ./figs/mooni_FamilyPlot_oo_vInf0.6_theta0.png>
Package pdftex.def Info: ./figs/mooni_FamilyPlot_oo_vInf0.6_theta0.png  used on input line 270.
(pdftex.def)             Requested size: 216.81pt x 198.5124pt.
<./figs/mooni_FamilyPlot_oo_vInf0.6_theta60.png, id=185, 647.17786pt x 573.8238pt>
File: ./figs/mooni_FamilyPlot_oo_vInf0.6_theta60.png Graphic file (type png)
<use ./figs/mooni_FamilyPlot_oo_vInf0.6_theta60.png>
Package pdftex.def Info: ./figs/mooni_FamilyPlot_oo_vInf0.6_theta60.png  used on input line 274.
(pdftex.def)             Requested size: 216.81pt x 198.5124pt.

Overfull \hbox (8.32202pt too wide) in paragraph at lines 269--277
[][] []  [][] []
 []


Underfull \hbox (badness 10000) in paragraph at lines 269--277

 []

<./figs/mooni_FamilyPlot_oo_vInf0.6_theta120.png, id=187, 647.17786pt x 573.8238pt>
File: ./figs/mooni_FamilyPlot_oo_vInf0.6_theta120.png Graphic file (type png)
<use ./figs/mooni_FamilyPlot_oo_vInf0.6_theta120.png>
Package pdftex.def Info: ./figs/mooni_FamilyPlot_oo_vInf0.6_theta120.png  used on input line 280.
(pdftex.def)             Requested size: 216.81pt x 198.5124pt.
<./figs/mooni_vInfPlot_io_famC_theta0.png, id=189, 650.61067pt x 573.8238pt>
File: ./figs/mooni_vInfPlot_io_famC_theta0.png Graphic file (type png)
<use ./figs/mooni_vInfPlot_io_famC_theta0.png>
Package pdftex.def Info: ./figs/mooni_vInfPlot_io_famC_theta0.png  used on input line 288.
(pdftex.def)             Requested size: 216.81pt x 197.32988pt.
<./figs/mooni_vInfPlot_io_famC_theta60.png, id=191, 653.50148pt x 573.8238pt>
File: ./figs/mooni_vInfPlot_io_famC_theta60.png Graphic file (type png)
<use ./figs/mooni_vInfPlot_io_famC_theta60.png>
Package pdftex.def Info: ./figs/mooni_vInfPlot_io_famC_theta60.png  used on input line 292.
(pdftex.def)             Requested size: 216.81pt x 196.3471pt.

Overfull \hbox (8.32202pt too wide) in paragraph at lines 287--295
[][] []  [][] []
 []


Underfull \hbox (badness 10000) in paragraph at lines 287--295

 []


LaTeX Warning: `!h' float specifier changed to `!ht'.

<./figs/mooni_vInfPlot_io_famC_theta120.png, id=193, 645.00975pt x 573.8238pt>
File: ./figs/mooni_vInfPlot_io_famC_theta120.png Graphic file (type png)
<use ./figs/mooni_vInfPlot_io_famC_theta120.png>
Package pdftex.def Info: ./figs/mooni_vInfPlot_io_famC_theta120.png  used on input line 298.
(pdftex.def)             Requested size: 216.81pt x 199.27145pt.

LaTeX Warning: `h' float specifier changed to `ht'.

<./figs/mooni_ThetaPlot_io_famE_vInf0.3.png, id=195, 650.61067pt x 573.8238pt>
File: ./figs/mooni_ThetaPlot_io_famE_vInf0.3.png Graphic file (type png)
<use ./figs/mooni_ThetaPlot_io_famE_vInf0.3.png>
Package pdftex.def Info: ./figs/mooni_ThetaPlot_io_famE_vInf0.3.png  used on input line 306.
(pdftex.def)             Requested size: 198.7425pt x 180.88638pt.
<./figs/mooni_ThetaPlot_io_famE_vInf0.6.png, id=197, 653.3208pt x 573.8238pt>
File: ./figs/mooni_ThetaPlot_io_famE_vInf0.6.png Graphic file (type png)
<use ./figs/mooni_ThetaPlot_io_famE_vInf0.6.png>
Package pdftex.def Info: ./figs/mooni_ThetaPlot_io_famE_vInf0.6.png  used on input line 310.
(pdftex.def)             Requested size: 198.7425pt x 180.03944pt.

LaTeX Warning: `!h' float specifier changed to `!ht'.

<./figs/mooni_ThetaPlot_io_famE_vInf0.9.png, id=199, 650.61067pt x 573.8238pt>
File: ./figs/mooni_ThetaPlot_io_famE_vInf0.9.png Graphic file (type png)
<use ./figs/mooni_ThetaPlot_io_famE_vInf0.9.png>
Package pdftex.def Info: ./figs/mooni_ThetaPlot_io_famE_vInf0.9.png  used on input line 317.
(pdftex.def)             Requested size: 198.7425pt x 180.88638pt.
<./figs/mooni_ThetaPlot_io_famE_vInf1.2.png, id=201, 655.66957pt x 573.8238pt>
File: ./figs/mooni_ThetaPlot_io_famE_vInf1.2.png Graphic file (type png)
<use ./figs/mooni_ThetaPlot_io_famE_vInf1.2.png>
Package pdftex.def Info: ./figs/mooni_ThetaPlot_io_famE_vInf1.2.png  used on input line 321.
(pdftex.def)             Requested size: 198.7425pt x 179.31235pt.

LaTeX Warning: `!h' float specifier changed to `!ht'.

<./figs/mooni_ThetaPlot_io_famE_vInf1.8.png, id=203, 647.17786pt x 573.8238pt>
File: ./figs/mooni_ThetaPlot_io_famE_vInf1.8.png Graphic file (type png)
<use ./figs/mooni_ThetaPlot_io_famE_vInf1.8.png>
Package pdftex.def Info: ./figs/mooni_ThetaPlot_io_famE_vInf1.8.png  used on input line 328.
(pdftex.def)             Requested size: 198.7425pt x 181.96504pt.
<./figs/mooni_ThetaPlot_io_famE_vInf2.1.png, id=205, 647.17786pt x 573.8238pt>
File: ./figs/mooni_ThetaPlot_io_famE_vInf2.1.png Graphic file (type png)
<use ./figs/mooni_ThetaPlot_io_famE_vInf2.1.png>
Package pdftex.def Info: ./figs/mooni_ThetaPlot_io_famE_vInf2.1.png  used on input line 332.
(pdftex.def)             Requested size: 198.7425pt x 181.96504pt.

LaTeX Warning: `!h' float specifier changed to `!ht'.

[10

 <./figs/mooni_FamilyPlot_oo_vInf0.6_theta0.png (PNG copy)> <./figs/mooni_FamilyPlot_oo_vInf0.6_theta60.png (PNG copy)> <./figs/mooni_FamilyPlot_oo_vInf0.6_theta120.png (PNG copy)>] [11 <./figs/mooni_vInfPlot_io_famC_theta0.png (PNG copy)> <./figs/mooni_vInfPlot_io_famC_theta60.png (PNG copy)> <./figs/mooni_vInfPlot_io_famC_theta120.png (PNG copy)>] [12 <./figs/mooni_ThetaPlot_io_famE_vInf0.3.png (PNG copy)> <./figs/mooni_ThetaPlot_io_famE_vInf0.6.png (PNG copy)> <./figs/mooni_ThetaPlot_io_famE_vInf0.9.png (PNG copy)> <./figs/mooni_ThetaPlot_io_famE_vInf1.2.png (PNG copy)> <./figs/mooni_ThetaPlot_io_famE_vInf1.8.png (PNG copy)> <./figs/mooni_ThetaPlot_io_famE_vInf2.1.png (PNG copy)>] (c:/Users\Burto\repos\aas21581.tex\aas21581.fot)
\openout3 = `aas21581.fot'.

<./etc/figure13-2.png, id=242, 1003.75pt x 828.09375pt>
File: ./etc/figure13-2.png Graphic file (type png)
<use ./etc/figure13-2.png>
Package pdftex.def Info: ./etc/figure13-2.png  used on input line 354.
(pdftex.def)             Requested size: 216.81pt x 178.858pt.
<./etc/figure9-2.png, id=243, 994.71625pt x 883.3pt>
File: ./etc/figure9-2.png Graphic file (type png)
<use ./etc/figure9-2.png>
Package pdftex.def Info: ./etc/figure9-2.png  used on input line 358.
(pdftex.def)             Requested size: 195.12877pt x 173.27388pt.
 [13

 <./etc/figure13-2.png> <./etc/figure9-2.png>] [14]
<./figs/sunrot_FamilyPlot_io_vInf1.8_theta0.png, id=260, 653.3208pt x 573.8238pt>
File: ./figs/sunrot_FamilyPlot_io_vInf1.8_theta0.png Graphic file (type png)
<use ./figs/sunrot_FamilyPlot_io_vInf1.8_theta0.png>
Package pdftex.def Info: ./figs/sunrot_FamilyPlot_io_vInf1.8_theta0.png  used on input line 383.
(pdftex.def)             Requested size: 216.81pt x 196.40303pt.
<./figs/sunrot_FamilyPlot_io_vInf1.8_theta60.png, id=262, 653.3208pt x 573.8238pt>
File: ./figs/sunrot_FamilyPlot_io_vInf1.8_theta60.png Graphic file (type png)
<use ./figs/sunrot_FamilyPlot_io_vInf1.8_theta60.png>
Package pdftex.def Info: ./figs/sunrot_FamilyPlot_io_vInf1.8_theta60.png  used on input line 387.
(pdftex.def)             Requested size: 216.81pt x 196.40303pt.

Overfull \hbox (8.32202pt too wide) in paragraph at lines 382--390
[][] []  [][] []
 []


Underfull \hbox (badness 10000) in paragraph at lines 382--390

 []

<./figs/sunrot_FamilyPlot_io_vInf1.8_theta120.png, id=264, 653.3208pt x 573.8238pt>
File: ./figs/sunrot_FamilyPlot_io_vInf1.8_theta120.png Graphic file (type png)
<use ./figs/sunrot_FamilyPlot_io_vInf1.8_theta120.png>
Package pdftex.def Info: ./figs/sunrot_FamilyPlot_io_vInf1.8_theta120.png  used on input line 393.
(pdftex.def)             Requested size: 216.81pt x 196.40303pt.
<./figs/sunrot_vInfPlot_ii_famF_theta0.png, id=266, 653.3208pt x 573.8238pt>
File: ./figs/sunrot_vInfPlot_ii_famF_theta0.png Graphic file (type png)
<use ./figs/sunrot_vInfPlot_ii_famF_theta0.png>
Package pdftex.def Info: ./figs/sunrot_vInfPlot_ii_famF_theta0.png  used on input line 401.
(pdftex.def)             Requested size: 216.81pt x 196.40303pt.
<./figs/sunrot_vInfPlot_ii_famF_theta60.png, id=268, 653.3208pt x 573.8238pt>
File: ./figs/sunrot_vInfPlot_ii_famF_theta60.png Graphic file (type png)
<use ./figs/sunrot_vInfPlot_ii_famF_theta60.png>
Package pdftex.def Info: ./figs/sunrot_vInfPlot_ii_famF_theta60.png  used on input line 405.
(pdftex.def)             Requested size: 216.81pt x 196.40303pt.

Overfull \hbox (8.32202pt too wide) in paragraph at lines 400--408
[][] []  [][] []
 []


Underfull \hbox (badness 10000) in paragraph at lines 400--408

 []


LaTeX Warning: `!h' float specifier changed to `!ht'.

<./figs/sunrot_vInfPlot_ii_famF_theta120.png, id=270, 653.3208pt x 573.8238pt>
File: ./figs/sunrot_vInfPlot_ii_famF_theta120.png Graphic file (type png)
<use ./figs/sunrot_vInfPlot_ii_famF_theta120.png>
Package pdftex.def Info: ./figs/sunrot_vInfPlot_ii_famF_theta120.png  used on input line 411.
(pdftex.def)             Requested size: 216.81pt x 196.40303pt.

LaTeX Warning: `h' float specifier changed to `ht'.

<./figs/sunrot_ThetaPlot_io_famF_vInf0.3.png, id=272, 653.3208pt x 573.8238pt>
File: ./figs/sunrot_ThetaPlot_io_famF_vInf0.3.png Graphic file (type png)
<use ./figs/sunrot_ThetaPlot_io_famF_vInf0.3.png>
Package pdftex.def Info: ./figs/sunrot_ThetaPlot_io_famF_vInf0.3.png  used on input line 419.
(pdftex.def)             Requested size: 198.7425pt x 178.48938pt.
<./figs/sunrot_ThetaPlot_io_famF_vInf0.6.png, id=274, 653.3208pt x 573.8238pt>
File: ./figs/sunrot_ThetaPlot_io_famF_vInf0.6.png Graphic file (type png)
<use ./figs/sunrot_ThetaPlot_io_famF_vInf0.6.png>
Package pdftex.def Info: ./figs/sunrot_ThetaPlot_io_famF_vInf0.6.png  used on input line 423.
(pdftex.def)             Requested size: 198.7425pt x 180.03944pt.

LaTeX Warning: `!h' float specifier changed to `!ht'.

<./figs/sunrot_ThetaPlot_io_famF_vInf0.9.png, id=276, 653.3208pt x 573.8238pt>
File: ./figs/sunrot_ThetaPlot_io_famF_vInf0.9.png Graphic file (type png)
<use ./figs/sunrot_ThetaPlot_io_famF_vInf0.9.png>
Package pdftex.def Info: ./figs/sunrot_ThetaPlot_io_famF_vInf0.9.png  used on input line 430.
(pdftex.def)             Requested size: 198.7425pt x 180.03944pt.
<./figs/sunrot_ThetaPlot_io_famF_vInf1.2.png, id=278, 653.3208pt x 573.8238pt>
File: ./figs/sunrot_ThetaPlot_io_famF_vInf1.2.png Graphic file (type png)
<use ./figs/sunrot_ThetaPlot_io_famF_vInf1.2.png>
Package pdftex.def Info: ./figs/sunrot_ThetaPlot_io_famF_vInf1.2.png  used on input line 434.
(pdftex.def)             Requested size: 198.7425pt x 180.03944pt.

LaTeX Warning: `!h' float specifier changed to `!ht'.

<./figs/sunrot_ThetaPlot_io_famF_vInf1.8.png, id=280, 655.66957pt x 573.8238pt>
File: ./figs/sunrot_ThetaPlot_io_famF_vInf1.8.png Graphic file (type png)
<use ./figs/sunrot_ThetaPlot_io_famF_vInf1.8.png>
Package pdftex.def Info: ./figs/sunrot_ThetaPlot_io_famF_vInf1.8.png  used on input line 441.
(pdftex.def)             Requested size: 198.7425pt x 179.31235pt.
<./figs/sunrot_ThetaPlot_io_famF_vInf2.1.png, id=282, 653.3208pt x 573.8238pt>
File: ./figs/sunrot_ThetaPlot_io_famF_vInf2.1.png Graphic file (type png)
<use ./figs/sunrot_ThetaPlot_io_famF_vInf2.1.png>
Package pdftex.def Info: ./figs/sunrot_ThetaPlot_io_famF_vInf2.1.png  used on input line 445.
(pdftex.def)             Requested size: 198.7425pt x 180.03944pt.

LaTeX Warning: `!h' float specifier changed to `!ht'.

[15

 <./figs/sunrot_FamilyPlot_io_vInf1.8_theta0.png (PNG copy)> <./figs/sunrot_FamilyPlot_io_vInf1.8_theta60.png (PNG copy)> <./figs/sunrot_FamilyPlot_io_vInf1.8_theta120.png (PNG copy)>] [16 <./figs/sunrot_vInfPlot_ii_famF_theta0.png (PNG copy)> <./figs/sunrot_vInfPlot_ii_famF_theta60.png (PNG copy)> <./figs/sunrot_vInfPlot_ii_famF_theta120.png (PNG copy)>] [17 <./figs/sunrot_ThetaPlot_io_famF_vInf0.3.png (PNG copy)> <./figs/sunrot_ThetaPlot_io_famF_vInf0.6.png (PNG copy)> <./figs/sunrot_ThetaPlot_io_famF_vInf0.9.png (PNG copy)> <./figs/sunrot_ThetaPlot_io_famF_vInf1.2.png (PNG copy)> <./figs/sunrot_ThetaPlot_io_famF_vInf1.8.png (PNG copy)> <./figs/sunrot_ThetaPlot_io_famF_vInf2.1.png (PNG copy)>] (c:/Users\Burto\repos\aas21581.tex\aas21581.bbl) [18

] (c:/Users\Burto\repos\aas21581.tex\aas21581.aux)
Package rerunfilecheck Info: File `aas21581.out' has not changed.
(rerunfilecheck)             Checksum: 11EE2844B5521078E5E87E3113DDAB3D;579.
 ) 
Here is how much of TeX's memory you used:
 19086 strings out of 479624
 369525 string characters out of 2875024
 664905 words of memory out of 3000000
 35676 multiletter control sequences out of 15000+200000
 438142 words of font info for 103 fonts, out of 3000000 for 9000
 1141 hyphenation exceptions out of 8191
 83i,16n,82p,1442b,351s stack positions out of 5000i,500n,10000p,200000b,50000s
{C:/Program Files/MiKTeX/fonts/enc/dvips/base/8r.enc}<C:/Program Files/MiKTeX/fonts/type1/public/amsfonts/cm/cmbx10.pfb><C:/Program Files/MiKTeX/fonts/type1/public/amsfonts/cm/cmex10.pfb><C:/Program Files/MiKTeX/fonts/type1/public/amsfonts/cm/cmmi10.pfb><C:/Program Files/MiKTeX/fonts/type1/public/amsfonts/cm/cmmi7.pfb><C:/Program Files/MiKTeX/fonts/type1/public/amsfonts/cm/cmmi8.pfb><C:/Program Files/MiKTeX/fonts/type1/public/amsfonts/cm/cmr10.pfb><C:/Program Files/MiKTeX/fonts/type1/public/amsfonts/cm/cmr7.pfb><C:/Program Files/MiKTeX/fonts/type1/public/amsfonts/cm/cmr8.pfb><C:/Program Files/MiKTeX/fonts/type1/public/amsfonts/cm/cmsy10.pfb><C:/Program Files/MiKTeX/fonts/type1/public/amsfonts/cm/cmsy7.pfb><C:/Program Files/MiKTeX/fonts/type1/public/amsfonts/cm/cmsy8.pfb><C:/Program Files/MiKTeX/fonts/type1/urw/helvetic/uhvb8a.pfb><C:/Program Files/MiKTeX/fonts/type1/urw/times/utmb8a.pfb><C:/Program Files/MiKTeX/fonts/type1/urw/times/utmr8a.pfb><C:/Program Files/MiKTeX/fonts/type1/urw/times/utmri8a.pfb>
Output written on c:/Users\Burto\repos\aas21581.tex\aas21581.pdf (18 pages, 8743623 bytes).
PDF statistics:
 395 PDF objects out of 1000 (max. 8388607)
 89 named destinations out of 1000 (max. 500000)
 423 words of extra memory for PDF output out of 10000 (max. 10000000)

